android_b4f_v_1/app/build/intermediates/manifest_merge_blame_file/debug/manifest-merger-blame-debug-report.txt
1<?xml version="1.0" encoding="utf-8"?>
2<manifest xmlns:android="http://schemas.android.com/apk/res/android"
3    package="com.b4fnovara"
4    android:versionCode="5"
5    android:versionName="1.7" >
6
7    <uses-sdk
8        android:minSdkVersion="22"
8-->src\main\AndroidManifest.xml
9        android:targetSdkVersion="32" />
9-->src\main\AndroidManifest.xml
10
11    <!-- Permissions -->
12
13
14    <!-- Permissions -->
15
16    <uses-permission android:name="android.permission.INTERNET" />
16-->src\main\AndroidManifest.xml:43:5-67
16-->src\main\AndroidManifest.xml:43:22-64
17    <!-- Camera, Photos, input file -->
18    <uses-permission android:name="android.permission.READ_EXTERNAL_STORAGE" />
18-->src\main\AndroidManifest.xml:45:5-79
18-->src\main\AndroidManifest.xml:45:22-77
19    <uses-permission android:name="android.permission.WRITE_EXTERNAL_STORAGE" />
19-->src\main\AndroidManifest.xml:46:5-81
19-->src\main\AndroidManifest.xml:46:22-78
20    <!-- Geolocation API -->
21    <uses-permission android:name="android.permission.ACCESS_COARSE_LOCATION" />
21-->src\main\AndroidManifest.xml:48:5-81
21-->src\main\AndroidManifest.xml:48:22-78
22    <uses-permission android:name="android.permission.ACCESS_FINE_LOCATION" />
22-->src\main\AndroidManifest.xml:49:5-79
22-->src\main\AndroidManifest.xml:49:22-76
23
24    <uses-feature android:name="android.hardware.location.gps" />
24-->src\main\AndroidManifest.xml:50:5-66
24-->src\main\AndroidManifest.xml:50:19-63
25    <!-- Network API -->
26    <uses-permission android:name="android.permission.ACCESS_NETWORK_STATE" />
26-->src\main\AndroidManifest.xml:52:5-79
26-->src\main\AndroidManifest.xml:52:22-76
27    <!-- Navigator.getUserMedia -->
28    <!-- Video -->
29    <uses-permission android:name="android.permission.CAMERA" />
29-->src\main\AndroidManifest.xml:55:5-65
29-->src\main\AndroidManifest.xml:55:22-62
30    <!-- Audio -->
31    <uses-permission android:name="android.permission.RECORD_AUDIO" />
31-->src\main\AndroidManifest.xml:57:5-71
31-->src\main\AndroidManifest.xml:57:22-68
32    <uses-permission android:name="android.permission.MODIFY_AUDIO_SETTINGS" />
32-->src\main\AndroidManifest.xml:58:5-79
32-->src\main\AndroidManifest.xml:58:22-77
33
34    <queries>
34-->[:capacitor-camera] AndroidManifest.xml:7:5-11:15
35        <intent>
35-->[:capacitor-camera] AndroidManifest.xml:8:9-10:18
36            <action android:name="android.media.action.IMAGE_CAPTURE" />
36-->[:capacitor-camera] AndroidManifest.xml:9:13-73
36-->[:capacitor-camera] AndroidManifest.xml:9:21-70
37        </intent>
38    </queries> <!-- Don't require camera, as this requires a rear camera. This allows it to work on the Nexus 7 -->
39    <uses-feature
39-->[com.journeyapps:zxing-android-embedded:4.3.0] AndroidManifest.xml:25:5-27:36
40        android:name="android.hardware.camera"
40-->[com.journeyapps:zxing-android-embedded:4.3.0] AndroidManifest.xml:26:9-47
41        android:required="false" />
41-->[com.journeyapps:zxing-android-embedded:4.3.0] AndroidManifest.xml:27:9-33
42    <uses-feature
42-->[com.journeyapps:zxing-android-embedded:4.3.0] AndroidManifest.xml:28:5-30:36
43        android:name="android.hardware.camera.front"
43-->[com.journeyapps:zxing-android-embedded:4.3.0] AndroidManifest.xml:29:9-53
44        android:required="false" /> <!-- TODO replace above two with next line after Android 4.2 -->
44-->[com.journeyapps:zxing-android-embedded:4.3.0] AndroidManifest.xml:30:9-33
45    <!-- <uses-feature android:name="android.hardware.camera.any"/> -->
46    <uses-feature
46-->[com.journeyapps:zxing-android-embedded:4.3.0] AndroidManifest.xml:33:5-35:36
47        android:name="android.hardware.camera.autofocus"
47-->[com.journeyapps:zxing-android-embedded:4.3.0] AndroidManifest.xml:34:9-57
48        android:required="false" />
48-->[com.journeyapps:zxing-android-embedded:4.3.0] AndroidManifest.xml:35:9-33
49    <uses-feature
49-->[com.journeyapps:zxing-android-embedded:4.3.0] AndroidManifest.xml:36:5-38:36
50        android:name="android.hardware.camera.flash"
50-->[com.journeyapps:zxing-android-embedded:4.3.0] AndroidManifest.xml:37:9-53
51        android:required="false" />
51-->[com.journeyapps:zxing-android-embedded:4.3.0] AndroidManifest.xml:38:9-33
52    <uses-feature
52-->[com.journeyapps:zxing-android-embedded:4.3.0] AndroidManifest.xml:39:5-41:36
53        android:name="android.hardware.screen.landscape"
53-->[com.journeyapps:zxing-android-embedded:4.3.0] AndroidManifest.xml:40:9-57
54        android:required="false" />
54-->[com.journeyapps:zxing-android-embedded:4.3.0] AndroidManifest.xml:41:9-33
55    <uses-feature
55-->[com.journeyapps:zxing-android-embedded:4.3.0] AndroidManifest.xml:42:5-44:36
56        android:name="android.hardware.wifi"
56-->[com.journeyapps:zxing-android-embedded:4.3.0] AndroidManifest.xml:43:9-45
57        android:required="false" />
57-->[com.journeyapps:zxing-android-embedded:4.3.0] AndroidManifest.xml:44:9-33
58
59    <application
59-->src\main\AndroidManifest.xml:5:5-37:19
60        android:allowBackup="true"
60-->src\main\AndroidManifest.xml:6:9-35
61        android:appComponentFactory="androidx.core.app.CoreComponentFactory"
61-->[androidx.core:core:1.8.0] AndroidManifest.xml:24:18-86
62        android:debuggable="true"
63        android:icon="@mipmap/ic_launcher"
63-->src\main\AndroidManifest.xml:7:9-43
64        android:label="@string/app_name"
64-->src\main\AndroidManifest.xml:8:9-41
65        android:roundIcon="@mipmap/ic_launcher_round"
65-->src\main\AndroidManifest.xml:9:9-54
66        android:supportsRtl="true"
66-->src\main\AndroidManifest.xml:10:9-35
67        android:testOnly="true"
68        android:theme="@style/AppTheme" >
68-->src\main\AndroidManifest.xml:11:9-40
69        <activity
69-->src\main\AndroidManifest.xml:13:9-26:20
70            android:name="com.b4fnovara.MainActivity"
70-->src\main\AndroidManifest.xml:15:13-54
71            android:configChanges="orientation|keyboardHidden|keyboard|screenSize|locale|smallestScreenSize|screenLayout|uiMode"
71-->src\main\AndroidManifest.xml:14:13-129
72            android:exported="true"
72-->src\main\AndroidManifest.xml:19:13-36
73            android:label="@string/title_activity_main"
73-->src\main\AndroidManifest.xml:16:13-56
74            android:launchMode="singleTask"
74-->src\main\AndroidManifest.xml:18:13-44
75            android:theme="@style/AppTheme.NoActionBarLaunch" >
75-->src\main\AndroidManifest.xml:17:13-62
76            <intent-filter>
76-->src\main\AndroidManifest.xml:21:13-24:29
77                <action android:name="android.intent.action.MAIN" />
77-->src\main\AndroidManifest.xml:22:17-69
77-->src\main\AndroidManifest.xml:22:25-66
78
79                <category android:name="android.intent.category.LAUNCHER" />
79-->src\main\AndroidManifest.xml:23:17-77
79-->src\main\AndroidManifest.xml:23:27-74
80            </intent-filter>
81        </activity>
82
83        <provider
84            android:name="androidx.core.content.FileProvider"
84-->src\main\AndroidManifest.xml:29:13-62
85            android:authorities="com.b4fnovara.fileprovider"
85-->src\main\AndroidManifest.xml:30:13-64
86            android:exported="false"
86-->src\main\AndroidManifest.xml:31:13-37
87            android:grantUriPermissions="true" >
87-->src\main\AndroidManifest.xml:32:13-47
88            <meta-data
88-->src\main\AndroidManifest.xml:33:13-35:64
89                android:name="android.support.FILE_PROVIDER_PATHS"
89-->src\main\AndroidManifest.xml:34:17-67
90                android:resource="@xml/file_paths" />
90-->src\main\AndroidManifest.xml:35:17-51
91        </provider>
92        <provider
92-->[:capacitor-community-file-opener] AndroidManifest.xml:8:9-16:20
93            android:name="com.ryltsov.alex.plugins.file.opener.FileOpenerProvider"
93-->[:capacitor-community-file-opener] AndroidManifest.xml:9:13-83
94            android:authorities="com.b4fnovara.file.opener.provider"
94-->[:capacitor-community-file-opener] AndroidManifest.xml:10:13-72
95            android:exported="false"
95-->[:capacitor-community-file-opener] AndroidManifest.xml:11:13-37
96            android:grantUriPermissions="true" >
96-->[:capacitor-community-file-opener] AndroidManifest.xml:12:13-47
97            <meta-data
97-->src\main\AndroidManifest.xml:33:13-35:64
98                android:name="android.support.FILE_PROVIDER_PATHS"
98-->src\main\AndroidManifest.xml:34:17-67
99                android:resource="@xml/file_opener_paths" />
99-->src\main\AndroidManifest.xml:35:17-51
100        </provider>
101
102        <activity
102-->[com.google.android.gms:play-services-base:18.1.0] AndroidManifest.xml:20:9-22:45
103            android:name="com.google.android.gms.common.api.GoogleApiActivity"
103-->[com.google.android.gms:play-services-base:18.1.0] AndroidManifest.xml:20:19-85
104            android:exported="false"
104-->[com.google.android.gms:play-services-base:18.1.0] AndroidManifest.xml:22:19-43
105            android:theme="@android:style/Theme.Translucent.NoTitleBar" />
105-->[com.google.android.gms:play-services-base:18.1.0] AndroidManifest.xml:21:19-78
106
107        <meta-data
107-->[com.google.android.gms:play-services-basement:18.1.0] AndroidManifest.xml:21:9-23:69
108            android:name="com.google.android.gms.version"
108-->[com.google.android.gms:play-services-basement:18.1.0] AndroidManifest.xml:22:13-58
109            android:value="@integer/google_play_services_version" />
109-->[com.google.android.gms:play-services-basement:18.1.0] AndroidManifest.xml:23:13-66
110
111        <provider
111-->[androidx.emoji2:emoji2:1.2.0] AndroidManifest.xml:24:9-32:20
112            android:name="androidx.startup.InitializationProvider"
112-->[androidx.emoji2:emoji2:1.2.0] AndroidManifest.xml:25:13-67
113            android:authorities="com.b4fnovara.androidx-startup"
113-->[androidx.emoji2:emoji2:1.2.0] AndroidManifest.xml:26:13-68
114            android:exported="false" >
114-->[androidx.emoji2:emoji2:1.2.0] AndroidManifest.xml:27:13-37
115            <meta-data
115-->[androidx.emoji2:emoji2:1.2.0] AndroidManifest.xml:29:13-31:52
116                android:name="androidx.emoji2.text.EmojiCompatInitializer"
116-->[androidx.emoji2:emoji2:1.2.0] AndroidManifest.xml:30:17-75
117                android:value="androidx.startup" />
117-->[androidx.emoji2:emoji2:1.2.0] AndroidManifest.xml:31:17-49
118            <meta-data
118-->[androidx.lifecycle:lifecycle-process:2.4.1] AndroidManifest.xml:31:13-33:52
119                android:name="androidx.lifecycle.ProcessLifecycleInitializer"
119-->[androidx.lifecycle:lifecycle-process:2.4.1] AndroidManifest.xml:32:17-78
120                android:value="androidx.startup" />
120-->[androidx.lifecycle:lifecycle-process:2.4.1] AndroidManifest.xml:33:17-49
121        </provider>
122
123        <activity
123-->[com.journeyapps:zxing-android-embedded:4.3.0] AndroidManifest.xml:47:9-53:63
124            android:name="com.journeyapps.barcodescanner.CaptureActivity"
124-->[com.journeyapps:zxing-android-embedded:4.3.0] AndroidManifest.xml:48:13-74
125            android:clearTaskOnLaunch="true"
125-->[com.journeyapps:zxing-android-embedded:4.3.0] AndroidManifest.xml:49:13-45
126            android:screenOrientation="sensorLandscape"
126-->[com.journeyapps:zxing-android-embedded:4.3.0] AndroidManifest.xml:50:13-56
127            android:stateNotNeeded="true"
127-->[com.journeyapps:zxing-android-embedded:4.3.0] AndroidManifest.xml:51:13-42
128            android:theme="@style/zxing_CaptureTheme"
128-->[com.journeyapps:zxing-android-embedded:4.3.0] AndroidManifest.xml:52:13-54
129            android:windowSoftInputMode="stateAlwaysHidden" />
129-->[com.journeyapps:zxing-android-embedded:4.3.0] AndroidManifest.xml:53:13-60
130    </application>
131
132</manifest>